<?xml version="1.0" encoding="UTF-8"?>
<!-- Generated by org.testng.reporters.JUnitXMLReporter -->
<testsuite ignored="0" hostname="J197" failures="0" tests="3" name="Default test" time="0.063" errors="0" timestamp="2021-12-19T18:45:49 IST">
  <testcase classname="com.testngannotation.TimeOutTest" name="SearchLaptops" time="0.009"/>
  <testcase classname="com.testngannotation.TimeOutTest" name="SearchMobile" time="0.013"/>
  <testcase classname="com.testngannotation.TimeOutTest" name="SearchWatches" time="0.001"/>
</testsuite> <!-- Default test -->
