<?xml version="1.0" encoding="UTF-8"?>
<testng-results ignored="0" total="3" passed="3" failed="0" skipped="0">
  <reporter-output>
  </reporter-output>
  <suite started-at="2021-12-19T18:45:49 IST" name="Default suite" finished-at="2021-12-19T18:45:49 IST" duration-ms="63">
    <groups>
    </groups>
    <test started-at="2021-12-19T18:45:49 IST" name="Default test" finished-at="2021-12-19T18:45:49 IST" duration-ms="63">
      <class name="com.testngannotation.TimeOutTest">
        <test-method signature="SearchLaptops()[pri:0, instance:com.testngannotation.TimeOutTest@96def03]" started-at="2021-12-19T18:45:49 IST" name="SearchLaptops" finished-at="2021-12-19T18:45:49 IST" duration-ms="9" status="PASS">
          <reporter-output>
          </reporter-output>
        </test-method> <!-- SearchLaptops -->
        <test-method signature="SearchMobile()[pri:0, instance:com.testngannotation.TimeOutTest@96def03]" started-at="2021-12-19T18:45:49 IST" name="SearchMobile" finished-at="2021-12-19T18:45:49 IST" duration-ms="13" status="PASS">
          <reporter-output>
          </reporter-output>
        </test-method> <!-- SearchMobile -->
        <test-method signature="SearchWatches()[pri:0, instance:com.testngannotation.TimeOutTest@96def03]" started-at="2021-12-19T18:45:49 IST" name="SearchWatches" finished-at="2021-12-19T18:45:49 IST" duration-ms="1" status="PASS">
          <reporter-output>
          </reporter-output>
        </test-method> <!-- SearchWatches -->
      </class> <!-- com.testngannotation.TimeOutTest -->
    </test> <!-- Default test -->
  </suite> <!-- Default suite -->
</testng-results>
